<?xml version="1.0" encoding="UTF-8"?>
<testng-results skipped="0" failed="0" total="3" passed="3">
  <reporter-output>
  </reporter-output>
  <suite name="Suite" duration-ms="26981" started-at="2020-11-26T16:15:01Z" finished-at="2020-11-26T16:15:28Z">
    <groups>
    </groups>
    <test name="Test" duration-ms="26981" started-at="2020-11-26T16:15:01Z" finished-at="2020-11-26T16:15:28Z">
      <class name="phptravelsTNG.login">
        <test-method status="PASS" signature="drvinvog()[pri:0, instance:phptravelsTNG.login@2ddc8ecb]" name="drvinvog" is-config="true" duration-ms="17561" started-at="2020-11-26T21:44:43Z" finished-at="2020-11-26T21:45:01Z">
          <reporter-output>
          </reporter-output>
        </test-method> <!-- drvinvog -->
        <test-method status="PASS" signature="loginvalidation()[pri:0, instance:phptravelsTNG.login@2ddc8ecb]" name="loginvalidation" duration-ms="13800" started-at="2020-11-26T21:45:01Z" finished-at="2020-11-26T21:45:15Z">
          <reporter-output>
          </reporter-output>
        </test-method> <!-- loginvalidation -->
        <test-method status="PASS" signature="hoteldes()[pri:0, instance:phptravelsTNG.login@2ddc8ecb]" name="hoteldes" duration-ms="11080" started-at="2020-11-26T21:45:15Z" finished-at="2020-11-26T21:45:26Z">
          <reporter-output>
          </reporter-output>
        </test-method> <!-- hoteldes -->
        <test-method status="PASS" signature="chkinout()[pri:0, instance:phptravelsTNG.login@2ddc8ecb]" name="chkinout" duration-ms="2062" started-at="2020-11-26T21:45:26Z" finished-at="2020-11-26T21:45:28Z">
          <reporter-output>
          </reporter-output>
        </test-method> <!-- chkinout -->
        <test-method status="PASS" signature="winclose()[pri:0, instance:phptravelsTNG.login@2ddc8ecb]" name="winclose" is-config="true" duration-ms="0" started-at="2020-11-26T21:45:28Z" finished-at="2020-11-26T21:45:28Z">
          <reporter-output>
          </reporter-output>
        </test-method> <!-- winclose -->
      </class> <!-- phptravelsTNG.login -->
    </test> <!-- Test -->
  </suite> <!-- Suite -->
</testng-results>
